<?xml version="1.0" encoding="UTF-8"?>
<testsuite xmlns:xsi="http://www.w3.org/2001/XMLSchema-instance" xsi:noNamespaceSchemaLocation="https://maven.apache.org/surefire/maven-surefire-plugin/xsd/surefire-test-report.xsd" name="com.tutorial.maven.AppTest" time="0.191" tests="1" errors="0" skipped="0" failures="0">
  <properties>
    <property name="java.specification.version" value="17"/>
    <property name="sun.jnu.encoding" value="UTF-8"/>
    <property name="java.class.path" value="/media/m19y/Immortal/Programming/Repository/Java/Maven/belajar-apache-maven/belajar-apache-maven-app/target/test-classes:/media/m19y/Immortal/Programming/Repository/Java/Maven/belajar-apache-maven/belajar-apache-maven-app/target/classes:/media/m19y/Immortal/Programming/Repository/Java/Maven/belajar-apache-maven/belajar-apache-maven-data/target/belajar-apache-maven-data-1.0-SNAPSHOT.jar:/home/m19y/.m2/repository/junit/junit/4.11/junit-4.11.jar:/home/m19y/.m2/repository/org/hamcrest/hamcrest-core/1.3/hamcrest-core-1.3.jar:/home/m19y/.m2/repository/com/google/code/gson/gson/2.10.1/gson-2.10.1.jar:"/>
    <property name="java.vm.vendor" value="Oracle Corporation"/>
    <property name="sun.arch.data.model" value="64"/>
    <property name="java.vendor.url" value="https://java.oracle.com/"/>
    <property name="os.name" value="Linux"/>
    <property name="java.vm.specification.version" value="17"/>
    <property name="sun.java.launcher" value="SUN_STANDARD"/>
    <property name="user.country" value="US"/>
    <property name="sun.boot.library.path" value="/home/m19y/Tools/jdk-17.0.6/lib"/>
    <property name="sun.java.command" value="/media/m19y/Immortal/Programming/Repository/Java/Maven/belajar-apache-maven/belajar-apache-maven-app/target/surefire/surefirebooter17327014696081411609.jar /media/m19y/Immortal/Programming/Repository/Java/Maven/belajar-apache-maven/belajar-apache-maven-app/target/surefire 2023-01-28T13-15-31_702-jvmRun1 surefire8077642884570622147tmp surefire_016294531976185591039tmp"/>
    <property name="jdk.debug" value="release"/>
    <property name="surefire.test.class.path" value="/media/m19y/Immortal/Programming/Repository/Java/Maven/belajar-apache-maven/belajar-apache-maven-app/target/test-classes:/media/m19y/Immortal/Programming/Repository/Java/Maven/belajar-apache-maven/belajar-apache-maven-app/target/classes:/media/m19y/Immortal/Programming/Repository/Java/Maven/belajar-apache-maven/belajar-apache-maven-data/target/belajar-apache-maven-data-1.0-SNAPSHOT.jar:/home/m19y/.m2/repository/junit/junit/4.11/junit-4.11.jar:/home/m19y/.m2/repository/org/hamcrest/hamcrest-core/1.3/hamcrest-core-1.3.jar:/home/m19y/.m2/repository/com/google/code/gson/gson/2.10.1/gson-2.10.1.jar:"/>
    <property name="sun.cpu.endian" value="little"/>
    <property name="user.home" value="/home/m19y"/>
    <property name="user.language" value="en"/>
    <property name="java.specification.vendor" value="Oracle Corporation"/>
    <property name="java.version.date" value="2023-01-17"/>
    <property name="java.home" value="/home/m19y/Tools/jdk-17.0.6"/>
    <property name="file.separator" value="/"/>
    <property name="basedir" value="/media/m19y/Immortal/Programming/Repository/Java/Maven/belajar-apache-maven/belajar-apache-maven-app"/>
    <property name="java.vm.compressedOopsMode" value="32-bit"/>
    <property name="line.separator" value="&#10;"/>
    <property name="java.vm.specification.vendor" value="Oracle Corporation"/>
    <property name="java.specification.name" value="Java Platform API Specification"/>
    <property name="surefire.real.class.path" value="/media/m19y/Immortal/Programming/Repository/Java/Maven/belajar-apache-maven/belajar-apache-maven-app/target/surefire/surefirebooter17327014696081411609.jar"/>
    <property name="sun.management.compiler" value="HotSpot 64-Bit Tiered Compilers"/>
    <property name="java.runtime.version" value="17.0.6+9-LTS-190"/>
    <property name="user.name" value="m19y"/>
    <property name="path.separator" value=":"/>
    <property name="os.version" value="5.15.0-58-generic"/>
    <property name="java.runtime.name" value="Java(TM) SE Runtime Environment"/>
    <property name="file.encoding" value="UTF-8"/>
    <property name="java.vm.name" value="Java HotSpot(TM) 64-Bit Server VM"/>
    <property name="localRepository" value="/home/m19y/.m2/repository"/>
    <property name="java.vendor.url.bug" value="https://bugreport.java.com/bugreport/"/>
    <property name="java.io.tmpdir" value="/tmp"/>
    <property name="java.version" value="17.0.6"/>
    <property name="user.dir" value="/media/m19y/Immortal/Programming/Repository/Java/Maven/belajar-apache-maven/belajar-apache-maven-app"/>
    <property name="os.arch" value="amd64"/>
    <property name="java.vm.specification.name" value="Java Virtual Machine Specification"/>
    <property name="native.encoding" value="UTF-8"/>
    <property name="java.library.path" value="/usr/java/packages/lib:/usr/lib64:/lib64:/lib:/usr/lib"/>
    <property name="java.vm.info" value="mixed mode, sharing"/>
    <property name="java.vendor" value="Oracle Corporation"/>
    <property name="java.vm.version" value="17.0.6+9-LTS-190"/>
    <property name="sun.io.unicode.encoding" value="UnicodeLittle"/>
    <property name="java.class.version" value="61.0"/>
  </properties>
  <testcase name="shouldAnswerWithTrue" classname="com.tutorial.maven.AppTest" time="0.004"/>
</testsuite>